<?xml version="1.0" encoding="UTF-8"?>
<testsuite name="HelloWorldTest" tests="3" skipped="0" failures="0" errors="0" timestamp="2017-01-09T23:06:48" hostname="Brants-MacBook-Air-3.local" time="0.003">
  <properties/>
  <testcase name="helloNoName" classname="HelloWorldTest" time="0.002"/>
  <testcase name="helloSampleName" classname="HelloWorldTest" time="0.0"/>
  <testcase name="helloAnotherSampleName" classname="HelloWorldTest" time="0.0"/>
  <system-out><![CDATA[]]></system-out>
  <system-err><![CDATA[]]></system-err>
</testsuite>
