<?xml version="1.0" encoding="UTF-8"?>
<testsuite name="NucleotideTest" tests="2" skipped="0" failures="0" errors="0" timestamp="2017-01-18T21:05:56" hostname="Brants-MacBook-Air-3.local" time="0.011">
  <properties/>
  <testcase name="testEmptyDnaStringHasNoAdenosine" classname="NucleotideTest" time="0.006"/>
  <testcase name="testEmptyDnaStringHasNoNucleotides" classname="NucleotideTest" time="0.005"/>
  <system-out><![CDATA[]]></system-out>
  <system-err><![CDATA[]]></system-err>
</testsuite>
