<?xml version="1.0" encoding="UTF-8"?>
<testsuite name="EtlTest" tests="4" skipped="0" failures="0" errors="0" timestamp="2017-01-18T20:25:46" hostname="Brants-MacBook-Air-3.local" time="0.072">
  <properties/>
  <testcase name="testTransformOneValue" classname="EtlTest" time="0.058"/>
  <testcase name="testTransformMoreValues" classname="EtlTest" time="0.006"/>
  <testcase name="testMoreKeys" classname="EtlTest" time="0.005"/>
  <testcase name="testFullDataset" classname="EtlTest" time="0.003"/>
  <system-out><![CDATA[]]></system-out>
  <system-err><![CDATA[]]></system-err>
</testsuite>
