<?xml version="1.0" encoding="UTF-8"?>
<testsuite name="AnagramTest" tests="10" skipped="0" failures="0" errors="0" timestamp="2017-02-28T20:34:28" hostname="Brants-MacBook-Air-3.local" time="0.022">
  <properties/>
  <testcase name="testEliminateAnagramSubsets" classname="AnagramTest" time="0.003"/>
  <testcase name="testAnagramsAreCaseInsensitive" classname="AnagramTest" time="0.008"/>
  <testcase name="testDetectAnagrams" classname="AnagramTest" time="0.0"/>
  <testcase name="testIdenticalWordIsNotAnagram" classname="AnagramTest" time="0.001"/>
  <testcase name="testSimpleAnagram" classname="AnagramTest" time="0.0"/>
  <testcase name="testMultipleAnagrams" classname="AnagramTest" time="0.003"/>
  <testcase name="testDetectMultipleAnagrams" classname="AnagramTest" time="0.001"/>
  <testcase name="testDoesNotConfuseDifferentDuplicates" classname="AnagramTest" time="0.003"/>
  <testcase name="testNoMatches" classname="AnagramTest" time="0.0"/>
  <testcase name="testEliminateAnagramsWithSameChecksum" classname="AnagramTest" time="0.001"/>
  <system-out><![CDATA[]]></system-out>
  <system-err><![CDATA[]]></system-err>
</testsuite>
